*** Using Compiler 'V5.06 update 7 (build 960)', folder: 'D:\keil5\core\ARM\ARMCC\Bin'
Build target 'flight'
compiling stm32f1xx_hal_gpio_ex.c...
compiling gpio.c...
compiling stm32f1xx_hal_tim.c...
compiling stm32f1xx_hal.c...
compiling stm32f1xx_hal_tim_ex.c...
compiling usart.c...
compiling stm32f1xx_hal_msp.c...
compiling stm32f1xx_hal_rcc_ex.c...
compiling stm32f1xx_it.c...
compiling main.c...
compiling stm32f1xx_hal_rcc.c...
compiling stm32f1xx_hal_uart.c...
compiling croutine.c...
compiling event_groups.c...
compiling list.c...
compiling queue.c...
compiling stream_buffer.c...
compiling tasks.c...
compiling timers.c...
compiling heap_4.c...
compiling port.c...
compiling stm32f1xx_hal_gpio.c...
compiling system_stm32f1xx.c...
compiling com_debug.c...
compiling stm32f1xx_hal_pwr.c...
compiling stm32f1xx_hal_dma.c...
compiling stm32f1xx_hal_flash.c...
compiling stm32f1xx_hal_exti.c...
compiling stm32f1xx_hal_cortex.c...
compiling stm32f1xx_hal_flash_ex.c...
compiling freeRTOS_Task.c...
linking...
Program Size: Code=10652 RO-data=324 RW-data=128 ZI-data=14448  
FromELF: creating hex file...
"flight\flight.axf" - 0 Error(s), 0 Warning(s).
Build Time Elapsed:  00:00:04
